d:\other_programming_projects\optimized_graphics_exam\graphics exam 2015\debug\vc141.pdb
d:\other_programming_projects\optimized_graphics_exam\graphics exam 2015\debug\vc141.idb
d:\other_programming_projects\optimized_graphics_exam\graphics exam 2015\debug\camera.obj
d:\other_programming_projects\optimized_graphics_exam\graphics exam 2015\debug\inputhandler.obj
d:\other_programming_projects\optimized_graphics_exam\graphics exam 2015\debug\mesh.obj
d:\other_programming_projects\optimized_graphics_exam\graphics exam 2015\debug\renderer.obj
d:\other_programming_projects\optimized_graphics_exam\graphics exam 2015\debug\sceneobject.obj
d:\other_programming_projects\optimized_graphics_exam\graphics exam 2015\debug\shader.obj
d:\other_programming_projects\optimized_graphics_exam\graphics exam 2015\debug\shaderprogram.obj
d:\other_programming_projects\optimized_graphics_exam\graphics exam 2015\debug\main.obj
d:\other_programming_projects\optimized_graphics_exam\graphics exam 2015\debug\terrainhandler.obj
d:\other_programming_projects\optimized_graphics_exam\graphics exam 2015\debug\texture.obj
d:\other_programming_projects\optimized_graphics_exam\graphics exam 2015\debug\stb_image.obj
d:\other_programming_projects\optimized_graphics_exam\graphics exam 2015\debug\exam2015.exe
d:\other_programming_projects\optimized_graphics_exam\graphics exam 2015\debug\exam2015.ilk
d:\other_programming_projects\optimized_graphics_exam\graphics exam 2015\debug\exam2015.pdb
d:\other_programming_projects\optimized_graphics_exam\graphics exam 2015\debug\graphics.e03e5535.tlog\cl.command.1.tlog
d:\other_programming_projects\optimized_graphics_exam\graphics exam 2015\debug\graphics.e03e5535.tlog\cl.read.1.tlog
d:\other_programming_projects\optimized_graphics_exam\graphics exam 2015\debug\graphics.e03e5535.tlog\cl.write.1.tlog
d:\other_programming_projects\optimized_graphics_exam\graphics exam 2015\debug\graphics.e03e5535.tlog\link.command.1.tlog
d:\other_programming_projects\optimized_graphics_exam\graphics exam 2015\debug\graphics.e03e5535.tlog\link.read.1.tlog
d:\other_programming_projects\optimized_graphics_exam\graphics exam 2015\debug\graphics.e03e5535.tlog\link.write.1.tlog
