d:\other_programming_projects\optimized_graphics_exam\graphics exam 2015\release\vc141.pdb
d:\other_programming_projects\optimized_graphics_exam\graphics exam 2015\release\texture.obj
d:\other_programming_projects\optimized_graphics_exam\graphics exam 2015\release\terrainhandler.obj
d:\other_programming_projects\optimized_graphics_exam\graphics exam 2015\release\main.obj
d:\other_programming_projects\optimized_graphics_exam\graphics exam 2015\release\shaderprogram.obj
d:\other_programming_projects\optimized_graphics_exam\graphics exam 2015\release\shader.obj
d:\other_programming_projects\optimized_graphics_exam\graphics exam 2015\release\sceneobject.obj
d:\other_programming_projects\optimized_graphics_exam\graphics exam 2015\release\renderer.obj
d:\other_programming_projects\optimized_graphics_exam\graphics exam 2015\release\mesh.obj
d:\other_programming_projects\optimized_graphics_exam\graphics exam 2015\release\inputhandler.obj
d:\other_programming_projects\optimized_graphics_exam\graphics exam 2015\release\camera.obj
d:\other_programming_projects\optimized_graphics_exam\graphics exam 2015\release\stb_image.obj
d:\other_programming_projects\optimized_graphics_exam\graphics exam 2015\release\exam2015.ipdb
d:\other_programming_projects\optimized_graphics_exam\graphics exam 2015\release\exam2015.iobj
d:\other_programming_projects\optimized_graphics_exam\graphics exam 2015\release\exam2015.exe
d:\other_programming_projects\optimized_graphics_exam\graphics exam 2015\release\exam2015.pdb
d:\other_programming_projects\optimized_graphics_exam\graphics exam 2015\release\graphics.e03e5535.tlog\cl.command.1.tlog
d:\other_programming_projects\optimized_graphics_exam\graphics exam 2015\release\graphics.e03e5535.tlog\cl.read.1.tlog
d:\other_programming_projects\optimized_graphics_exam\graphics exam 2015\release\graphics.e03e5535.tlog\cl.write.1.tlog
d:\other_programming_projects\optimized_graphics_exam\graphics exam 2015\release\graphics.e03e5535.tlog\graphics exam 2015.write.1u.tlog
d:\other_programming_projects\optimized_graphics_exam\graphics exam 2015\release\graphics.e03e5535.tlog\link.command.1.tlog
d:\other_programming_projects\optimized_graphics_exam\graphics exam 2015\release\graphics.e03e5535.tlog\link.read.1.tlog
d:\other_programming_projects\optimized_graphics_exam\graphics exam 2015\release\graphics.e03e5535.tlog\link.write.1.tlog
